{
  "stats": {
    "suites": 1,
    "tests": 1,
    "passes": 1,
    "pending": 0,
    "failures": 0,
    "testsRegistered": 1,
    "passPercent": 100,
    "pendingPercent": 0,
    "other": 0,
    "hasOther": false,
    "skipped": 0,
    "hasSkipped": false,
    "start": "2026-03-10T02:10:31.648Z",
    "end": "2026-03-10T02:10:31.717Z",
    "duration": 69
  },
  "results": [
    {
      "uuid": "6611b388-5724-4f9d-8cbb-f2cb3003e4e1",
      "title": "",
      "fullFile": "cypress/e2e/api/api-healthcheck-da-api.cy.js",
      "file": "cypress/e2e/api/api-healthcheck-da-api.cy.js",
      "beforeHooks": [],
      "afterHooks": [],
      "tests": [],
      "suites": [
        {
          "uuid": "deaada3e-eaff-4250-b043-3c38a47f754c",
          "title": "API Healthcheck",
          "fullFile": "cypress/e2e/api/api-healthcheck-da-api.cy.js",
          "file": "cypress/e2e/api/api-healthcheck-da-api.cy.js",
          "beforeHooks": [],
          "afterHooks": [],
          "tests": [
            {
              "title": "Verifica se a API está no ar",
              "fullTitle": "API Healthcheck Verifica se a API está no ar",
              "timedOut": null,
              "duration": 54,
              "state": "passed",
              "speed": "fast",
              "pass": true,
              "fail": false,
              "pending": false,
              "context": null,
              "code": "cy.request({\n  method: 'GET',\n  url: `${API_BASE}/health`,\n  failOnStatusCode: false\n}).then(response => {\n  expect(response.status).to.eq(200);\n  expect(response.body.status).to.eq('ok');\n  expect(response.body.db).to.eq('ok');\n  expect(response.body.metrics).to.have.property('apiResponseTimeMs');\n  expect(response.body.metrics).to.have.property('apiLastRequestMs');\n  expect(response.body.metrics).to.have.property('authSuccessRate');\n  expect(response.body.metrics).to.have.property('authTotalAttempts');\n  expect(response.body.metrics).to.have.property('testFailureRate');\n  expect(response.body.metrics).to.have.property('testRunsSampled');\n});",
              "err": {},
              "uuid": "6043c36b-132e-43ad-8677-a04d31a9f7a2",
              "parentUUID": "deaada3e-eaff-4250-b043-3c38a47f754c",
              "isHook": false,
              "skipped": false
            }
          ],
          "suites": [],
          "passes": [
            "6043c36b-132e-43ad-8677-a04d31a9f7a2"
          ],
          "failures": [],
          "pending": [],
          "skipped": [],
          "duration": 54,
          "root": false,
          "rootEmpty": false,
          "_timeout": 2000
        }
      ],
      "passes": [],
      "failures": [],
      "pending": [],
      "skipped": [],
      "duration": 0,
      "root": true,
      "rootEmpty": true,
      "_timeout": 2000
    }
  ],
  "meta": {
    "mocha": {
      "version": "7.2.0"
    },
    "mochawesome": {
      "options": {
        "quiet": false,
        "reportFilename": "mochawesome",
        "saveHtml": false,
        "saveJson": true,
        "consoleReporter": "spec",
        "useInlineDiffs": false,
        "code": true
      },
      "version": "7.1.4"
    },
    "marge": {
      "options": {
        "charts": true,
        "reportPageTitle": "QA Lab - Test Report",
        "embeddedScreenshots": true,
        "saveJson": true,
        "overwrite": false,
        "html": false,
        "json": true,
        "reportDir": "cypress/reports/html/.jsons"
      },
      "version": "6.3.2"
    }
  }
}